~/Documents/dev/island/apps/examples/hello_triangle/build/Desktop-Test ~/Documents/dev/island/scripts/ci
-- Build type: Release
Imgui Build: generator is set to Ninja
-- Configuring done
-- Generating done
-- Build files have been written to: /home/tim/Documents/dev/island/3rdparty/src/imgui/build
[0/1] Install the project...
-- Install configuration: ""
-- Up-to-date: /home/tim/Documents/dev/island/3rdparty/libs/imgui/libimgui.a
-- Up-to-date: /home/tim/Documents/dev/island/3rdparty/include/imgui/imconfig.h
-- Up-to-date: /home/tim/Documents/dev/island/3rdparty/include/imgui/imgui.h
-- Loading module  : le_camera
-- Loading module  : le_file_watcher
-- Loading module  : le_core
-- Loading module  : le_pipeline_builder
-- Loading module  : le_window
-- Using X11 for window creation
-- Loading module  : le_backend_vk
-- Loading module  : le_swapchain_vk
-- Loading module  : le_renderer
-- Loading module  : le_jobs
-- Loading module  : le_shader_compiler
-- Static libraries: hello_triangle_app;le_camera;le_file_watcher;le_core;le_pipeline_builder;le_window;le_backend_vk;le_swapchain_vk;le_renderer;le_jobs;le_shader_compiler
-- Loaded modules  : le_camera;le_file_watcher;le_core;le_pipeline_builder;le_window;le_backend_vk;le_swapchain_vk;le_renderer;le_jobs;le_shader_compiler
-- Configuring done
-- Generating done
-- Build files have been written to: /home/tim/Documents/dev/island/apps/examples/hello_triangle/build/Desktop-Test
ninja: no work to do.
~/Documents/dev/island/scripts/ci
3985912e570d55357bfce57bc6bbf1a2  - == 3985912e570d55357bfce57bc6bbf1a2  -
no change
